app/wearos/build/intermediates/manifest_merge_blame_file/debug/manifest-merger-blame-debug-report.txt
1<?xml version="1.0" encoding="utf-8"?>
2<manifest xmlns:android="http://schemas.android.com/apk/res/android"
3    package="com.example.wearos"
4    android:versionCode="1"
5    android:versionName="1.0" >
6
7    <uses-sdk
8        android:minSdkVersion="28"
8-->src\main\AndroidManifest.xml
9        android:targetSdkVersion="29" />
9-->src\main\AndroidManifest.xml
10
11    <uses-permission android:name="android.permission.WAKE_LOCK" />
11-->src\main\AndroidManifest.xml:5:5-68
11-->src\main\AndroidManifest.xml:5:22-65
12
13    <uses-feature android:name="android.hardware.type.watch" />
13-->src\main\AndroidManifest.xml:7:5-64
13-->src\main\AndroidManifest.xml:7:19-61
14
15    <application
15-->src\main\AndroidManifest.xml:9:5-47:19
16        android:allowBackup="true"
16-->src\main\AndroidManifest.xml:10:9-35
17        android:appComponentFactory="androidx.core.app.CoreComponentFactory"
17-->[androidx.core:core:1.3.1] AndroidManifest.xml:24:18-86
18        android:configChanges="orientation|screenSize"
18-->src\main\AndroidManifest.xml:15:9-55
19        android:debuggable="true"
20        android:extractNativeLibs="false"
21        android:icon="@mipmap/ic_launcher"
21-->src\main\AndroidManifest.xml:11:9-43
22        android:label="@string/app_name"
22-->src\main\AndroidManifest.xml:12:9-41
23        android:roundIcon="@mipmap/ic_launcher_round"
23-->src\main\AndroidManifest.xml:13:9-54
24        android:supportsRtl="true"
24-->src\main\AndroidManifest.xml:14:9-35
25        android:testOnly="true"
26        android:theme="@style/AppTheme" >
26-->src\main\AndroidManifest.xml:16:9-40
27        <activity
27-->src\main\AndroidManifest.xml:17:9-25:20
28            android:name="com.example.wearos.MainActivity"
28-->src\main\AndroidManifest.xml:18:13-41
29            android:label="@string/app_name" >
29-->src\main\AndroidManifest.xml:19:13-45
30            <intent-filter>
30-->src\main\AndroidManifest.xml:20:13-24:29
31                <action android:name="android.intent.action.MAIN" />
31-->src\main\AndroidManifest.xml:21:17-69
31-->src\main\AndroidManifest.xml:21:25-66
32
33                <category android:name="android.intent.category.LAUNCHER" />
33-->src\main\AndroidManifest.xml:23:17-77
33-->src\main\AndroidManifest.xml:23:27-74
34            </intent-filter>
35        </activity>
36
37        <service
37-->src\main\AndroidManifest.xml:27:9-35:19
38            android:name="com.example.wearos.MyListnerService"
38-->src\main\AndroidManifest.xml:27:18-50
39            android:exported="false" >
39-->src\main\AndroidManifest.xml:28:13-37
40            <intent-filter>
40-->src\main\AndroidManifest.xml:29:13-34:29
41                <action android:name="com.google.android.gms.wearable.BIND_LISTENER" />
41-->src\main\AndroidManifest.xml:30:17-87
41-->src\main\AndroidManifest.xml:30:25-85
42                <!--
43                   <action android:name="com.google.android.gms.wearable.DATA_CHANGED" />
44                   <action android:name="com.google.android.gms.wearable.MESSAGE_RECEIVED" />
45                   <data android:scheme="wear" android:host="*" android:pathPrefix="/FirstExample" />
46                -->
47            </intent-filter>
48        </service>
49
50        <uses-library
50-->src\main\AndroidManifest.xml:37:9-39:39
51            android:name="com.google.android.wearable"
51-->src\main\AndroidManifest.xml:38:13-55
52            android:required="true" />
52-->src\main\AndroidManifest.xml:39:13-36
53        <!--
54               Set to true if your app is Standalone, that is, it does not require the handheld
55               app to run.
56        -->
57        <meta-data
57-->src\main\AndroidManifest.xml:44:9-46:36
58            android:name="com.google.android.wearable.standalone"
58-->src\main\AndroidManifest.xml:45:13-66
59            android:value="true" />
59-->src\main\AndroidManifest.xml:46:13-33
60
61        <activity
61-->[com.google.android.gms:play-services-base:17.0.0] AndroidManifest.xml:23:9-26:75
62            android:name="com.google.android.gms.common.api.GoogleApiActivity"
62-->[com.google.android.gms:play-services-base:17.0.0] AndroidManifest.xml:24:13-79
63            android:exported="false"
63-->[com.google.android.gms:play-services-base:17.0.0] AndroidManifest.xml:25:13-37
64            android:theme="@android:style/Theme.Translucent.NoTitleBar" />
64-->[com.google.android.gms:play-services-base:17.0.0] AndroidManifest.xml:26:13-72
65
66        <meta-data
66-->[com.google.android.gms:play-services-basement:17.0.0] AndroidManifest.xml:23:9-25:69
67            android:name="com.google.android.gms.version"
67-->[com.google.android.gms:play-services-basement:17.0.0] AndroidManifest.xml:24:13-58
68            android:value="@integer/google_play_services_version" />
68-->[com.google.android.gms:play-services-basement:17.0.0] AndroidManifest.xml:25:13-66
69    </application>
70
71</manifest>